front/android/app/build/intermediates/manifest_merge_blame_file/debug/manifest-merger-blame-debug-report.txt
1<?xml version="1.0" encoding="utf-8"?>
2<manifest xmlns:android="http://schemas.android.com/apk/res/android"
3    package="com.journey"
4    android:versionCode="1"
5    android:versionName="1.0" >
6
7    <uses-sdk
8        android:minSdkVersion="23"
9        android:targetSdkVersion="34" />
10
11    <uses-permission android:name="android.permission.INTERNET" />
11-->src/main/AndroidManifest.xml:3:5-67
11-->src/main/AndroidManifest.xml:3:22-64
12    <uses-permission android:name="android.permission.READ_MEDIA_IMAGES" />
12-->src/main/AndroidManifest.xml:4:5-76
12-->src/main/AndroidManifest.xml:4:22-73
13    <uses-permission android:name="android.permission.ACCESS_FINE_LOCATION" />
13-->src/main/AndroidManifest.xml:5:5-79
13-->src/main/AndroidManifest.xml:5:22-76
14    <uses-permission android:name="android.permission.ACCESS_COARSE_LOCATION" />
14-->src/main/AndroidManifest.xml:6:5-81
14-->src/main/AndroidManifest.xml:6:22-78
15    <uses-permission android:name="android.permission.READ_EXTERNAL_STORAGE" />
15-->src/debug/AndroidManifest.xml:7:5-80
15-->src/debug/AndroidManifest.xml:7:22-77
16    <uses-permission
16-->src/debug/AndroidManifest.xml:8:5-81
17        android:name="android.permission.WRITE_EXTERNAL_STORAGE"
17-->src/debug/AndroidManifest.xml:8:22-78
18        android:maxSdkVersion="28" />
18-->[:react-native-image-crop-picker] AndroidManifest.xml:15:9-35
19    <uses-permission android:name="android.permission.CAMERA" />
19-->src/debug/AndroidManifest.xml:9:5-65
19-->src/debug/AndroidManifest.xml:9:22-62
20
21    <queries>
21-->[:react-native-image-crop-picker] AndroidManifest.xml:7:5-11:15
22        <intent>
22-->[:react-native-image-crop-picker] AndroidManifest.xml:8:9-10:18
23            <action android:name="android.media.action.IMAGE_CAPTURE" />
23-->[:react-native-image-crop-picker] AndroidManifest.xml:9:13-73
23-->[:react-native-image-crop-picker] AndroidManifest.xml:9:21-70
24        </intent>
25        <!-- Needs to be explicitly declared on Android R+ -->
26        <package android:name="com.google.android.apps.maps" />
26-->[com.google.android.gms:play-services-maps:18.2.0] AndroidManifest.xml:33:9-64
26-->[com.google.android.gms:play-services-maps:18.2.0] AndroidManifest.xml:33:18-61
27    </queries>
28    <!--
29    This manifest file is used only by Gradle to configure debug-only capabilities
30    for React Native Apps.
31    -->
32    <uses-permission android:name="android.permission.SYSTEM_ALERT_WINDOW" /> <!-- Include required permissions for Google Maps API to run. -->
32-->[com.facebook.react:react-android:0.74.6] AndroidManifest.xml:16:5-78
32-->[com.facebook.react:react-android:0.74.6] AndroidManifest.xml:16:22-75
33    <uses-permission android:name="android.permission.ACCESS_NETWORK_STATE" />
33-->[com.google.android.gms:play-services-maps:18.2.0] AndroidManifest.xml:23:5-79
33-->[com.google.android.gms:play-services-maps:18.2.0] AndroidManifest.xml:23:22-76
34
35    <uses-feature
35-->[com.google.android.gms:play-services-maps:18.2.0] AndroidManifest.xml:26:5-28:35
36        android:glEsVersion="0x00020000"
36-->[com.google.android.gms:play-services-maps:18.2.0] AndroidManifest.xml:27:9-41
37        android:required="true" />
37-->[com.google.android.gms:play-services-maps:18.2.0] AndroidManifest.xml:28:9-32
38
39    <uses-permission android:name="android.permission.WAKE_LOCK" />
39-->[androidx.work:work-runtime:2.7.1] AndroidManifest.xml:25:5-68
39-->[androidx.work:work-runtime:2.7.1] AndroidManifest.xml:25:22-65
40    <uses-permission android:name="android.permission.RECEIVE_BOOT_COMPLETED" />
40-->[androidx.work:work-runtime:2.7.1] AndroidManifest.xml:27:5-81
40-->[androidx.work:work-runtime:2.7.1] AndroidManifest.xml:27:22-78
41    <uses-permission android:name="android.permission.FOREGROUND_SERVICE" />
41-->[androidx.work:work-runtime:2.7.1] AndroidManifest.xml:28:5-77
41-->[androidx.work:work-runtime:2.7.1] AndroidManifest.xml:28:22-74
42
43    <permission
43-->[androidx.core:core:1.9.0] AndroidManifest.xml:22:5-24:47
44        android:name="com.journey.DYNAMIC_RECEIVER_NOT_EXPORTED_PERMISSION"
44-->[androidx.core:core:1.9.0] AndroidManifest.xml:23:9-81
45        android:protectionLevel="signature" />
45-->[androidx.core:core:1.9.0] AndroidManifest.xml:24:9-44
46
47    <uses-permission android:name="com.journey.DYNAMIC_RECEIVER_NOT_EXPORTED_PERMISSION" />
47-->[androidx.core:core:1.9.0] AndroidManifest.xml:26:5-97
47-->[androidx.core:core:1.9.0] AndroidManifest.xml:26:22-94
48
49    <application
49-->src/main/AndroidManifest.xml:8:5-31:19
50        android:name="com.journey.MainApplication"
50-->src/main/AndroidManifest.xml:9:7-38
51        android:allowBackup="false"
51-->src/main/AndroidManifest.xml:13:7-34
52        android:appComponentFactory="androidx.core.app.CoreComponentFactory"
52-->[androidx.core:core:1.9.0] AndroidManifest.xml:28:18-86
53        android:debuggable="true"
54        android:extractNativeLibs="false"
55        android:icon="@mipmap/ic_launcher"
55-->src/main/AndroidManifest.xml:11:7-41
56        android:label="@string/app_name"
56-->src/main/AndroidManifest.xml:10:7-39
57        android:roundIcon="@mipmap/ic_launcher_round"
57-->src/main/AndroidManifest.xml:12:7-52
58        android:theme="@style/AppTheme"
58-->src/main/AndroidManifest.xml:14:7-38
59        android:usesCleartextTraffic="true" >
59-->src/main/AndroidManifest.xml:15:7-42
60        <meta-data
60-->src/main/AndroidManifest.xml:16:7-18:66
61            android:name="com.google.android.geo.API_KEY"
61-->src/main/AndroidManifest.xml:17:9-54
62            android:value="AIzaSyBXwEXONc7q-cQ6-JArplKuiElK5lb48VE" />
62-->src/main/AndroidManifest.xml:18:9-64
63
64        <activity
64-->src/main/AndroidManifest.xml:19:7-30:18
65            android:name="com.journey.MainActivity"
65-->src/main/AndroidManifest.xml:20:9-37
66            android:configChanges="keyboard|keyboardHidden|orientation|screenLayout|screenSize|smallestScreenSize|uiMode"
66-->src/main/AndroidManifest.xml:22:9-118
67            android:exported="true"
67-->src/main/AndroidManifest.xml:25:9-32
68            android:label="@string/app_name"
68-->src/main/AndroidManifest.xml:21:9-41
69            android:launchMode="singleTask"
69-->src/main/AndroidManifest.xml:23:9-40
70            android:windowSoftInputMode="adjustResize" >
70-->src/main/AndroidManifest.xml:24:9-51
71            <intent-filter>
71-->src/main/AndroidManifest.xml:26:9-29:25
72                <action android:name="android.intent.action.MAIN" />
72-->src/main/AndroidManifest.xml:27:13-65
72-->src/main/AndroidManifest.xml:27:21-62
73
74                <category android:name="android.intent.category.LAUNCHER" />
74-->src/main/AndroidManifest.xml:28:13-73
74-->src/main/AndroidManifest.xml:28:23-70
75            </intent-filter>
76        </activity>
77
78        <provider
78-->[:react-native-image-crop-picker] AndroidManifest.xml:18:9-26:20
79            android:name="com.reactnative.ivpusic.imagepicker.IvpusicImagePickerFileProvider"
79-->[:react-native-image-crop-picker] AndroidManifest.xml:19:13-94
80            android:authorities="com.journey.provider"
80-->[:react-native-image-crop-picker] AndroidManifest.xml:20:13-60
81            android:exported="false"
81-->[:react-native-image-crop-picker] AndroidManifest.xml:21:13-37
82            android:grantUriPermissions="true" >
82-->[:react-native-image-crop-picker] AndroidManifest.xml:22:13-47
83            <meta-data
83-->[:react-native-image-crop-picker] AndroidManifest.xml:23:13-25:78
84                android:name="android.support.FILE_PROVIDER_PATHS"
84-->[:react-native-image-crop-picker] AndroidManifest.xml:24:17-67
85                android:resource="@xml/ivpusic_imagepicker_provider_paths" />
85-->[:react-native-image-crop-picker] AndroidManifest.xml:25:17-75
86        </provider>
87
88        <activity
88-->[:react-native-image-crop-picker] AndroidManifest.xml:28:9-30:72
89            android:name="com.yalantis.ucrop.UCropActivity"
89-->[:react-native-image-crop-picker] AndroidManifest.xml:29:13-60
90            android:theme="@style/Theme.AppCompat.Light.NoActionBar" />
90-->[:react-native-image-crop-picker] AndroidManifest.xml:30:13-69
91
92        <provider
92-->[:react-native-webview] AndroidManifest.xml:8:9-16:20
93            android:name="com.reactnativecommunity.webview.RNCWebViewFileProvider"
93-->[:react-native-webview] AndroidManifest.xml:9:13-83
94            android:authorities="com.journey.fileprovider"
94-->[:react-native-webview] AndroidManifest.xml:10:13-64
95            android:exported="false"
95-->[:react-native-webview] AndroidManifest.xml:11:13-37
96            android:grantUriPermissions="true" >
96-->[:react-native-webview] AndroidManifest.xml:12:13-47
97            <meta-data
97-->[:react-native-image-crop-picker] AndroidManifest.xml:23:13-25:78
98                android:name="android.support.FILE_PROVIDER_PATHS"
98-->[:react-native-image-crop-picker] AndroidManifest.xml:24:17-67
99                android:resource="@xml/file_provider_paths" />
99-->[:react-native-image-crop-picker] AndroidManifest.xml:25:17-75
100        </provider>
101
102        <activity
102-->[com.facebook.react:react-android:0.74.6] AndroidManifest.xml:19:9-21:40
103            android:name="com.facebook.react.devsupport.DevSettingsActivity"
103-->[com.facebook.react:react-android:0.74.6] AndroidManifest.xml:20:13-77
104            android:exported="false" />
104-->[com.facebook.react:react-android:0.74.6] AndroidManifest.xml:21:13-37
105
106        <meta-data
106-->[com.google.maps.android:android-maps-utils:3.8.2] AndroidManifest.xml:8:9-10:69
107            android:name="com.google.android.gms.version"
107-->[com.google.maps.android:android-maps-utils:3.8.2] AndroidManifest.xml:9:13-58
108            android:value="@integer/google_play_services_version" /> <!-- Needs to be explicitly declared on P+ -->
108-->[com.google.maps.android:android-maps-utils:3.8.2] AndroidManifest.xml:10:13-66
109        <uses-library
109-->[com.google.android.gms:play-services-maps:18.2.0] AndroidManifest.xml:39:9-41:40
110            android:name="org.apache.http.legacy"
110-->[com.google.android.gms:play-services-maps:18.2.0] AndroidManifest.xml:40:13-50
111            android:required="false" />
111-->[com.google.android.gms:play-services-maps:18.2.0] AndroidManifest.xml:41:13-37
112
113        <activity
113-->[com.google.android.gms:play-services-base:18.2.0] AndroidManifest.xml:20:9-22:45
114            android:name="com.google.android.gms.common.api.GoogleApiActivity"
114-->[com.google.android.gms:play-services-base:18.2.0] AndroidManifest.xml:20:19-85
115            android:exported="false"
115-->[com.google.android.gms:play-services-base:18.2.0] AndroidManifest.xml:22:19-43
116            android:theme="@android:style/Theme.Translucent.NoTitleBar" />
116-->[com.google.android.gms:play-services-base:18.2.0] AndroidManifest.xml:21:19-78
117
118        <provider
118-->[androidx.work:work-runtime:2.7.1] AndroidManifest.xml:31:9-39:20
119            android:name="androidx.startup.InitializationProvider"
119-->[androidx.work:work-runtime:2.7.1] AndroidManifest.xml:32:13-67
120            android:authorities="com.journey.androidx-startup"
120-->[androidx.work:work-runtime:2.7.1] AndroidManifest.xml:33:13-68
121            android:exported="false" >
121-->[androidx.work:work-runtime:2.7.1] AndroidManifest.xml:34:13-37
122            <meta-data
122-->[androidx.work:work-runtime:2.7.1] AndroidManifest.xml:36:13-38:52
123                android:name="androidx.work.WorkManagerInitializer"
123-->[androidx.work:work-runtime:2.7.1] AndroidManifest.xml:37:17-68
124                android:value="androidx.startup" />
124-->[androidx.work:work-runtime:2.7.1] AndroidManifest.xml:38:17-49
125            <meta-data
125-->[androidx.emoji2:emoji2:1.2.0] AndroidManifest.xml:29:13-31:52
126                android:name="androidx.emoji2.text.EmojiCompatInitializer"
126-->[androidx.emoji2:emoji2:1.2.0] AndroidManifest.xml:30:17-75
127                android:value="androidx.startup" />
127-->[androidx.emoji2:emoji2:1.2.0] AndroidManifest.xml:31:17-49
128            <meta-data
128-->[androidx.lifecycle:lifecycle-process:2.4.1] AndroidManifest.xml:31:13-33:52
129                android:name="androidx.lifecycle.ProcessLifecycleInitializer"
129-->[androidx.lifecycle:lifecycle-process:2.4.1] AndroidManifest.xml:32:17-78
130                android:value="androidx.startup" />
130-->[androidx.lifecycle:lifecycle-process:2.4.1] AndroidManifest.xml:33:17-49
131        </provider>
132
133        <service
133-->[androidx.work:work-runtime:2.7.1] AndroidManifest.xml:41:9-46:35
134            android:name="androidx.work.impl.background.systemalarm.SystemAlarmService"
134-->[androidx.work:work-runtime:2.7.1] AndroidManifest.xml:42:13-88
135            android:directBootAware="false"
135-->[androidx.work:work-runtime:2.7.1] AndroidManifest.xml:43:13-44
136            android:enabled="@bool/enable_system_alarm_service_default"
136-->[androidx.work:work-runtime:2.7.1] AndroidManifest.xml:44:13-72
137            android:exported="false" />
137-->[androidx.work:work-runtime:2.7.1] AndroidManifest.xml:45:13-37
138        <service
138-->[androidx.work:work-runtime:2.7.1] AndroidManifest.xml:47:9-53:35
139            android:name="androidx.work.impl.background.systemjob.SystemJobService"
139-->[androidx.work:work-runtime:2.7.1] AndroidManifest.xml:48:13-84
140            android:directBootAware="false"
140-->[androidx.work:work-runtime:2.7.1] AndroidManifest.xml:49:13-44
141            android:enabled="@bool/enable_system_job_service_default"
141-->[androidx.work:work-runtime:2.7.1] AndroidManifest.xml:50:13-70
142            android:exported="true"
142-->[androidx.work:work-runtime:2.7.1] AndroidManifest.xml:51:13-36
143            android:permission="android.permission.BIND_JOB_SERVICE" />
143-->[androidx.work:work-runtime:2.7.1] AndroidManifest.xml:52:13-69
144        <service
144-->[androidx.work:work-runtime:2.7.1] AndroidManifest.xml:54:9-59:35
145            android:name="androidx.work.impl.foreground.SystemForegroundService"
145-->[androidx.work:work-runtime:2.7.1] AndroidManifest.xml:55:13-81
146            android:directBootAware="false"
146-->[androidx.work:work-runtime:2.7.1] AndroidManifest.xml:56:13-44
147            android:enabled="@bool/enable_system_foreground_service_default"
147-->[androidx.work:work-runtime:2.7.1] AndroidManifest.xml:57:13-77
148            android:exported="false" />
148-->[androidx.work:work-runtime:2.7.1] AndroidManifest.xml:58:13-37
149
150        <receiver
150-->[androidx.work:work-runtime:2.7.1] AndroidManifest.xml:61:9-66:35
151            android:name="androidx.work.impl.utils.ForceStopRunnable$BroadcastReceiver"
151-->[androidx.work:work-runtime:2.7.1] AndroidManifest.xml:62:13-88
152            android:directBootAware="false"
152-->[androidx.work:work-runtime:2.7.1] AndroidManifest.xml:63:13-44
153            android:enabled="true"
153-->[androidx.work:work-runtime:2.7.1] AndroidManifest.xml:64:13-35
154            android:exported="false" />
154-->[androidx.work:work-runtime:2.7.1] AndroidManifest.xml:65:13-37
155        <receiver
155-->[androidx.work:work-runtime:2.7.1] AndroidManifest.xml:67:9-77:20
156            android:name="androidx.work.impl.background.systemalarm.ConstraintProxy$BatteryChargingProxy"
156-->[androidx.work:work-runtime:2.7.1] AndroidManifest.xml:68:13-106
157            android:directBootAware="false"
157-->[androidx.work:work-runtime:2.7.1] AndroidManifest.xml:69:13-44
158            android:enabled="false"
158-->[androidx.work:work-runtime:2.7.1] AndroidManifest.xml:70:13-36
159            android:exported="false" >
159-->[androidx.work:work-runtime:2.7.1] AndroidManifest.xml:71:13-37
160            <intent-filter>
160-->[androidx.work:work-runtime:2.7.1] AndroidManifest.xml:73:13-76:29
161                <action android:name="android.intent.action.ACTION_POWER_CONNECTED" />
161-->[androidx.work:work-runtime:2.7.1] AndroidManifest.xml:74:17-87
161-->[androidx.work:work-runtime:2.7.1] AndroidManifest.xml:74:25-84
162                <action android:name="android.intent.action.ACTION_POWER_DISCONNECTED" />
162-->[androidx.work:work-runtime:2.7.1] AndroidManifest.xml:75:17-90
162-->[androidx.work:work-runtime:2.7.1] AndroidManifest.xml:75:25-87
163            </intent-filter>
164        </receiver>
165        <receiver
165-->[androidx.work:work-runtime:2.7.1] AndroidManifest.xml:78:9-88:20
166            android:name="androidx.work.impl.background.systemalarm.ConstraintProxy$BatteryNotLowProxy"
166-->[androidx.work:work-runtime:2.7.1] AndroidManifest.xml:79:13-104
167            android:directBootAware="false"
167-->[androidx.work:work-runtime:2.7.1] AndroidManifest.xml:80:13-44
168            android:enabled="false"
168-->[androidx.work:work-runtime:2.7.1] AndroidManifest.xml:81:13-36
169            android:exported="false" >
169-->[androidx.work:work-runtime:2.7.1] AndroidManifest.xml:82:13-37
170            <intent-filter>
170-->[androidx.work:work-runtime:2.7.1] AndroidManifest.xml:84:13-87:29
171                <action android:name="android.intent.action.BATTERY_OKAY" />
171-->[androidx.work:work-runtime:2.7.1] AndroidManifest.xml:85:17-77
171-->[androidx.work:work-runtime:2.7.1] AndroidManifest.xml:85:25-74
172                <action android:name="android.intent.action.BATTERY_LOW" />
172-->[androidx.work:work-runtime:2.7.1] AndroidManifest.xml:86:17-76
172-->[androidx.work:work-runtime:2.7.1] AndroidManifest.xml:86:25-73
173            </intent-filter>
174        </receiver>
175        <receiver
175-->[androidx.work:work-runtime:2.7.1] AndroidManifest.xml:89:9-99:20
176            android:name="androidx.work.impl.background.systemalarm.ConstraintProxy$StorageNotLowProxy"
176-->[androidx.work:work-runtime:2.7.1] AndroidManifest.xml:90:13-104
177            android:directBootAware="false"
177-->[androidx.work:work-runtime:2.7.1] AndroidManifest.xml:91:13-44
178            android:enabled="false"
178-->[androidx.work:work-runtime:2.7.1] AndroidManifest.xml:92:13-36
179            android:exported="false" >
179-->[androidx.work:work-runtime:2.7.1] AndroidManifest.xml:93:13-37
180            <intent-filter>
180-->[androidx.work:work-runtime:2.7.1] AndroidManifest.xml:95:13-98:29
181                <action android:name="android.intent.action.DEVICE_STORAGE_LOW" />
181-->[androidx.work:work-runtime:2.7.1] AndroidManifest.xml:96:17-83
181-->[androidx.work:work-runtime:2.7.1] AndroidManifest.xml:96:25-80
182                <action android:name="android.intent.action.DEVICE_STORAGE_OK" />
182-->[androidx.work:work-runtime:2.7.1] AndroidManifest.xml:97:17-82
182-->[androidx.work:work-runtime:2.7.1] AndroidManifest.xml:97:25-79
183            </intent-filter>
184        </receiver>
185        <receiver
185-->[androidx.work:work-runtime:2.7.1] AndroidManifest.xml:100:9-109:20
186            android:name="androidx.work.impl.background.systemalarm.ConstraintProxy$NetworkStateProxy"
186-->[androidx.work:work-runtime:2.7.1] AndroidManifest.xml:101:13-103
187            android:directBootAware="false"
187-->[androidx.work:work-runtime:2.7.1] AndroidManifest.xml:102:13-44
188            android:enabled="false"
188-->[androidx.work:work-runtime:2.7.1] AndroidManifest.xml:103:13-36
189            android:exported="false" >
189-->[androidx.work:work-runtime:2.7.1] AndroidManifest.xml:104:13-37
190            <intent-filter>
190-->[androidx.work:work-runtime:2.7.1] AndroidManifest.xml:106:13-108:29
191                <action android:name="android.net.conn.CONNECTIVITY_CHANGE" />
191-->[androidx.work:work-runtime:2.7.1] AndroidManifest.xml:107:17-79
191-->[androidx.work:work-runtime:2.7.1] AndroidManifest.xml:107:25-76
192            </intent-filter>
193        </receiver>
194        <receiver
194-->[androidx.work:work-runtime:2.7.1] AndroidManifest.xml:110:9-121:20
195            android:name="androidx.work.impl.background.systemalarm.RescheduleReceiver"
195-->[androidx.work:work-runtime:2.7.1] AndroidManifest.xml:111:13-88
196            android:directBootAware="false"
196-->[androidx.work:work-runtime:2.7.1] AndroidManifest.xml:112:13-44
197            android:enabled="false"
197-->[androidx.work:work-runtime:2.7.1] AndroidManifest.xml:113:13-36
198            android:exported="false" >
198-->[androidx.work:work-runtime:2.7.1] AndroidManifest.xml:114:13-37
199            <intent-filter>
199-->[androidx.work:work-runtime:2.7.1] AndroidManifest.xml:116:13-120:29
200                <action android:name="android.intent.action.BOOT_COMPLETED" />
200-->[androidx.work:work-runtime:2.7.1] AndroidManifest.xml:117:17-79
200-->[androidx.work:work-runtime:2.7.1] AndroidManifest.xml:117:25-76
201                <action android:name="android.intent.action.TIME_SET" />
201-->[androidx.work:work-runtime:2.7.1] AndroidManifest.xml:118:17-73
201-->[androidx.work:work-runtime:2.7.1] AndroidManifest.xml:118:25-70
202                <action android:name="android.intent.action.TIMEZONE_CHANGED" />
202-->[androidx.work:work-runtime:2.7.1] AndroidManifest.xml:119:17-81
202-->[androidx.work:work-runtime:2.7.1] AndroidManifest.xml:119:25-78
203            </intent-filter>
204        </receiver>
205        <receiver
205-->[androidx.work:work-runtime:2.7.1] AndroidManifest.xml:122:9-131:20
206            android:name="androidx.work.impl.background.systemalarm.ConstraintProxyUpdateReceiver"
206-->[androidx.work:work-runtime:2.7.1] AndroidManifest.xml:123:13-99
207            android:directBootAware="false"
207-->[androidx.work:work-runtime:2.7.1] AndroidManifest.xml:124:13-44
208            android:enabled="@bool/enable_system_alarm_service_default"
208-->[androidx.work:work-runtime:2.7.1] AndroidManifest.xml:125:13-72
209            android:exported="false" >
209-->[androidx.work:work-runtime:2.7.1] AndroidManifest.xml:126:13-37
210            <intent-filter>
210-->[androidx.work:work-runtime:2.7.1] AndroidManifest.xml:128:13-130:29
211                <action android:name="androidx.work.impl.background.systemalarm.UpdateProxies" />
211-->[androidx.work:work-runtime:2.7.1] AndroidManifest.xml:129:17-98
211-->[androidx.work:work-runtime:2.7.1] AndroidManifest.xml:129:25-95
212            </intent-filter>
213        </receiver>
214        <receiver
214-->[androidx.work:work-runtime:2.7.1] AndroidManifest.xml:132:9-142:20
215            android:name="androidx.work.impl.diagnostics.DiagnosticsReceiver"
215-->[androidx.work:work-runtime:2.7.1] AndroidManifest.xml:133:13-78
216            android:directBootAware="false"
216-->[androidx.work:work-runtime:2.7.1] AndroidManifest.xml:134:13-44
217            android:enabled="true"
217-->[androidx.work:work-runtime:2.7.1] AndroidManifest.xml:135:13-35
218            android:exported="true"
218-->[androidx.work:work-runtime:2.7.1] AndroidManifest.xml:136:13-36
219            android:permission="android.permission.DUMP" >
219-->[androidx.work:work-runtime:2.7.1] AndroidManifest.xml:137:13-57
220            <intent-filter>
220-->[androidx.work:work-runtime:2.7.1] AndroidManifest.xml:139:13-141:29
221                <action android:name="androidx.work.diagnostics.REQUEST_DIAGNOSTICS" />
221-->[androidx.work:work-runtime:2.7.1] AndroidManifest.xml:140:17-88
221-->[androidx.work:work-runtime:2.7.1] AndroidManifest.xml:140:25-85
222            </intent-filter>
223        </receiver>
224
225        <service
225-->[androidx.room:room-runtime:2.2.5] AndroidManifest.xml:25:9-28:40
226            android:name="androidx.room.MultiInstanceInvalidationService"
226-->[androidx.room:room-runtime:2.2.5] AndroidManifest.xml:26:13-74
227            android:directBootAware="true"
227-->[androidx.room:room-runtime:2.2.5] AndroidManifest.xml:27:13-43
228            android:exported="false" />
228-->[androidx.room:room-runtime:2.2.5] AndroidManifest.xml:28:13-37
229
230        <meta-data
230-->[com.facebook.soloader:soloader:0.10.5] AndroidManifest.xml:12:9-14:37
231            android:name="com.facebook.soloader.enabled"
231-->[com.facebook.soloader:soloader:0.10.5] AndroidManifest.xml:13:13-57
232            android:value="false" />
232-->[com.facebook.soloader:soloader:0.10.5] AndroidManifest.xml:14:13-34
233    </application>
234
235</manifest><!--
236<?xml version="1.0" encoding="utf-8"?>
237<manifest xmlns:android="http://schemas.android.com/apk/res/android"
238    xmlns:tools="http://schemas.android.com/tools">
239
240    <application
241        android:usesCleartextTraffic="true"
242        tools:targetApi="28"
243        tools:ignore="GoogleAppIndexingWarning"/>
244</manifest>
245-->